<?xml version="1.0" encoding="UTF-8" ?>
<testsuite errors="0" failures="0" hostname="KHANS" name="com.absolutejava.chapter8.project1.videogame.entities.OgreTest" tests="3" time="0.078" timestamp="2013-03-24T18:04:31">
  <properties>
    <property name="libs.jsp-compiler.javadoc" value="" />
    <property name="netbeans.autoupdate.country" value="US" />
    <property name="nb.wait.for.caches" value="true" />
    <property name="ant.file.Video_Game-impl" value="D:\Absolute_Java\Chapter8\Video Game\nbproject\build-impl.xml" />
    <property name="javac.test.classpath" value=":build/classes:C:\Program Files\NetBeans 7.3\platform\modules\ext\junit-4.10.jar" />
    <property name="libs.jsf20.maven-pom" value="" />
    <property name="libs.junit.javadoc" value="C:\Program Files\NetBeans 7.3\java\docs\junit-3.8.2-api.zip" />
    <property name="ant.core.lib" value="C:\Program Files\NetBeans 7.3\java\ant\lib\ant.jar" />
    <property name="javadoc.windowtitle" value="" />
    <property name="libs.jsp-compilation.javadoc" value="" />
    <property name="user.dir" value="D:\Absolute_Java\Chapter8\Video Game" />
    <property name="libs.hibernate-persistence.javadoc" value="" />
    <property name="java.vm.version" value="23.7-b01" />
    <property name="libs.jstl11.maven-pom" value="" />
    <property name="libs.Java-EE-GlassFish-v3.wsimport" value="" />
    <property name="libs.MySQLDriver.classpath" value="C:\Program Files\NetBeans 7.3\ide\modules\ext\mysql-connector-java-5.1.18-bin.jar" />
    <property name="libs.eclipselinkmodelgen.src" value="" />
    <property name="libs.jstl11.src" value="" />
    <property name="javadoc.notree" value="false" />
    <property name="netbeans.autoupdate.version" value="1.23" />
    <property name="libs.EclipseLink-GlassFish-v3.classpath" value="C:\Program Files\glassfish-3.1.2.2\glassfish\modules\org.eclipse.persistence.antlr.jar;C:\Program Files\glassfish-3.1.2.2\glassfish\modules\org.eclipse.persistence.asm.jar;C:\Program Files\glassfish-3.1.2.2\glassfish\modules\org.eclipse.persistence.core.jar;C:\Program Files\glassfish-3.1.2.2\glassfish\modules\org.eclipse.persistence.jpa.jar;C:\Program Files\glassfish-3.1.2.2\glassfish\modules\org.eclipse.persistence.jpa.modelgen.jar;C:\Program Files\glassfish-3.1.2.2\glassfish\modules\org.eclipse.persistence.moxy.jar;C:\Program Files\glassfish-3.1.2.2\glassfish\modules\org.eclipse.persistence.oracle.jar;C:\Program Files\glassfish-3.1.2.2\glassfish\modules\javax.persistence.jar" />
    <property name="libs.javaee-web-api-6.0.classpath" value="C:\Program Files\NetBeans 7.3\enterprise\modules\ext\javaee-web-api-6.0.jar" />
    <property name="libs.hibernate-support.maven-pom" value="" />
    <property name="libs.hibernate-support.javadoc" value="" />
    <property name="jdk.home" value="C:\Program Files\Java\jdk1.7.0_17" />
    <property name="libs.javac-api.src" value="" />
    <property name="javadoc.noindex" value="false" />
    <property name="sun.os.patch.level" value="Service Pack 1" />
    <property name="do.archive+manifest.available" value="true" />
    <property name="java.vm.specification.name" value="Java Virtual Machine Specification" />
    <property name="nb.show.statistics.ui" value="usageStatisticsEnabled" />
    <property name="netbeans.autoupdate.variant" value="" />
    <property name="have.tests" value="true" />
    <property name="org.xml.sax.driver" value="com.sun.org.apache.xerces.internal.jaxp.SAXParserImpl$JAXPSAXParser" />
    <property name="libs.javac-api.javadoc" value="" />
    <property name="os.name" value="Windows 7" />
    <property name="libs.beans-binding.classpath" value="C:\Program Files\NetBeans 7.3\java\modules\ext\beansbinding-1.2.1.jar" />
    <property name="libs.restapi.javadoc" value="C:\Program Files\NetBeans 7.3\enterprise\docs\jsr311-api-1.1.1-javadoc.zip" />
    <property name="libs.JWSAntTasks.maven-pom" value="" />
    <property name="libs.testng.src" value="" />
    <property name="libs.spring-webmvc3.0.src" value="" />
    <property name="libs.restapi.classpath" value="C:\Program Files\NetBeans 7.3\enterprise\modules\ext\rest\jsr311-api-1.1.1.jar" />
    <property name="java.vendor.url.bug" value="http://bugreport.sun.com/bugreport/" />
    <property name="libs.jaxb.maven-pom" value="" />
    <property name="os.arch" value="amd64" />
    <property name="libs.eclipselink.src" value="" />
    <property name="user.name" value="Kashif Ahmed Khan" />
    <property name="libs.jsf12.javadoc" value="C:\Program Files\NetBeans 7.3\enterprise\docs\javaee6-doc-api.zip" />
    <property name="libs.Comet-GlassFish-v3.javadoc" value="" />
    <property name="copylibs.rebase" value="true" />
    <property name="manifest.available+main.class" value="true" />
    <property name="libs.spring-webmvc3.0.maven-pom" value="" />
    <property name="libs.swing-layout.maven-pom" value="" />
    <property name="sun.java.command" value="org.apache.tools.ant.taskdefs.optional.junit.JUnitTestRunner com.absolutejava.chapter8.project1.videogame.entities.OgreTest filtertrace=true haltOnError=false haltOnFailure=false showoutput=true outputtoformatters=true logfailedtests=true logtestlistenerevents=true formatter=org.apache.tools.ant.taskdefs.optional.junit.BriefJUnitResultFormatter formatter=org.apache.tools.ant.taskdefs.optional.junit.XMLJUnitResultFormatter,D:\Absolute_Java\Chapter8\Video Game\build\test\results\TEST-com.absolutejava.chapter8.project1.videogame.entities.OgreTest.xml crashfile=D:\Absolute_Java\Chapter8\Video Game\build\junitvmwatcher8131924887967395526.properties propsfile=D:\Absolute_Java\Chapter8\Video Game\build\junit1283906674433226106.properties" />
    <property name="build.classes.dir" value="build/classes" />
    <property name="netbeans.accept_license_class" value="org.netbeans.license.AcceptLicense" />
    <property name="libs.Java-EE-GlassFish-v3.wsjwsdp" value="" />
    <property name="build.sysclasspath" value="ignore" />
    <property name="libs.jaxws21.javadoc" value="C:\Program Files\NetBeans 7.3\java\docs\jaxws-api-doc.zip" />
    <property name="includes" value="**" />
    <property name="user.country" value="US" />
    <property name="manifest.file" value="manifest.mf" />
    <property name="libs.jstl11.javadoc" value="C:\Program Files\NetBeans 7.3\enterprise\docs\javaee6-doc-api.zip" />
    <property name="javadoc.encoding" value="UTF-8" />
    <property name="javac.classpath" value="" />
    <property name="libs.jsp-compilation-syscp.src" value="" />
    <property name="libs.JAVADB_DRIVER_LABEL.src" value="" />
    <property name="debug-transport" value="dt_shmem" />
    <property name="netbeans.home" value="C:\Program Files\NetBeans 7.3\platform" />
    <property name="build.compiler.emacs" value="true" />
    <property name="libs.javaee-web-api-6.0.src" value="" />
    <property name="libs.ejb3-persistence.src" value="" />
    <property name="libs.Java-EE-GlassFish-v3.javadoc" value="C:\Program Files\NetBeans 7.3\enterprise\docs\javaee6-doc-api.zip" />
    <property name="libs.jsp-compilation-syscp.classpath" value="C:\Program Files\NetBeans 7.3\java\ant\lib\ant.jar;C:\Program Files\NetBeans 7.3\enterprise\modules\ext\servlet3.0-jsp2.2-api.jar;C:\Program Files\NetBeans 7.3\enterprise\modules\ext\glassfish-jspparser-3.0.jar;C:\Program Files\NetBeans 7.3\enterprise\modules\ext\standard.jar;C:\Program Files\NetBeans 7.3\enterprise\modules\ext\jsf-2_1\javax.faces.jar" />
    <property name="java.endorsed.dirs" value="C:\Program Files\Java\jdk1.7.0_17\jre\lib\endorsed" />
    <property name="libs.Comet-GlassFish-v3.maven-pom" value="" />
    <property name="netbeans.dynamic.classpath" value="C:\Program Files\NetBeans 7.3\platform\core\core.jar;C:\Program Files\NetBeans 7.3\platform\core\org-openide-filesystems.jar;C:\Program Files\NetBeans 7.3\platform\core\locale\core_ja.jar;C:\Program Files\NetBeans 7.3\platform\core\locale\core_pt_BR.jar;C:\Program Files\NetBeans 7.3\platform\core\locale\core_ru.jar;C:\Program Files\NetBeans 7.3\platform\core\locale\core_zh_CN.jar;C:\Program Files\NetBeans 7.3\platform\core\locale\org-openide-filesystems_ja.jar;C:\Program Files\NetBeans 7.3\platform\core\locale\org-openide-filesystems_pt_BR.jar;C:\Program Files\NetBeans 7.3\platform\core\locale\org-openide-filesystems_ru.jar;C:\Program Files\NetBeans 7.3\platform\core\locale\org-openide-filesystems_zh_CN.jar;C:\Program Files\NetBeans 7.3\nb\core\org-netbeans-upgrader.jar;C:\Program Files\NetBeans 7.3\nb\core\locale\core_nb.jar;C:\Program Files\NetBeans 7.3\nb\core\locale\org-netbeans-upgrader_ja.jar;C:\Program Files\NetBeans 7.3\nb\core\locale\org-netbeans-upgrader_pt_BR.jar;C:\Program Files\NetBeans 7.3\nb\core\locale\org-netbeans-upgrader_ru.jar;C:\Program Files\NetBeans 7.3\nb\core\locale\org-netbeans-upgrader_zh_CN.jar" />
    <property name="java.vm.specification.version" value="1.7" />
    <property name="libs.primefaces.classpath" value="C:\Program Files\NetBeans 7.3\enterprise\modules\ext\primefaces\primefaces-3.4.jar" />
    <property name="libs.javaee-api-6.0.classpath" value="C:\Program Files\NetBeans 7.3\enterprise\modules\ext\javaee-api-6.0.jar" />
    <property name="netbeans.productversion" value="NetBeans IDE 7.3 (Build 201302132200)" />
    <property name="platforms.JDK_1.6.home" value="C:\Program Files\Java\jdk1.6.0_43" />
    <property name="libs.hibernate-persistence.classpath" value="C:\Program Files\NetBeans 7.3\java\modules\ext\hibernate\antlr-2.7.6.jar;C:\Program Files\NetBeans 7.3\java\modules\ext\hibernate\asm.jar;C:\Program Files\NetBeans 7.3\java\modules\ext\hibernate\asm-attrs.jar;C:\Program Files\NetBeans 7.3\java\modules\ext\hibernate\cglib-2.1.3.jar;C:\Program Files\NetBeans 7.3\java\modules\ext\hibernate\commons-collections-2.1.1.jar;C:\Program Files\NetBeans 7.3\ide\modules\org-apache-commons-logging.jar;C:\Program Files\NetBeans 7.3\java\modules\ext\hibernate\dom4j-1.6.1.jar;C:\Program Files\NetBeans 7.3\java\modules\ext\hibernate\ehcache-1.2.3.jar;C:\Program Files\NetBeans 7.3\java\modules\ext\hibernate\jdbc2_0-stdext.jar;C:\Program Files\NetBeans 7.3\java\modules\ext\hibernate\jta.jar;C:\Program Files\NetBeans 7.3\java\modules\ext\hibernate\hibernate3.jar;C:\Program Files\NetBeans 7.3\java\modules\ext\hibernate\hibernate-tools.jar;C:\Program Files\NetBeans 7.3\java\modules\ext\hibernate\hibernate-annotations.jar;C:\Program Files\NetBeans 7.3\java\modules\ext\hibernate\hibernate-commons-annotations.jar;C:\Program Files\NetBeans 7.3\java\modules\ext\hibernate\hibernate-entitymanager.jar;C:\Program Files\NetBeans 7.3\java\modules\ext\hibernate\javassist.jar;C:\Program Files\NetBeans 7.3\java\modules\ext\hibernate\ejb3-persistence.jar" />
    <property name="libs.jaxws21.src" value="" />
    <property name="do.archive" value="true" />
    <property name="netbeans.autoupdate.language" value="en" />
    <property name="java.vendor" value="Oracle Corporation" />
    <property name="platforms.JDK_1.6.compiler" value="modern" />
    <property name="libs.javaee-api-6.0.javadoc" value="C:\Program Files\NetBeans 7.3\enterprise\docs\javaee6-doc-api.zip" />
    <property name="jar.index.metainf" value="false" />
    <property name="javac.debug" value="true" />
    <property name="javadoc.splitindex" value="true" />
    <property name="file.separator" value="\" />
    <property name="libs.junit_4.maven-pom" value="" />
    <property name="javac.test.processorpath" value=":build/classes:C:\Program Files\NetBeans 7.3\platform\modules\ext\junit-4.10.jar" />
    <property name="netbeans.buildnumber" value="201302132200" />
    <property name="libs.JWSAntTasks.javadoc" value="" />
    <property name="build.generated.sources.dir" value="build/generated-sources" />
    <property name="user.variant" value="" />
    <property name="libs.eclipselinkmodelgen.classpath" value="C:\Program Files\NetBeans 7.3\java\modules\ext\eclipselink\org.eclipse.persistence.jpa.modelgen.processor-2.3.2.jar" />
    <property name="libs.Java-EE-GlassFish-v3.wscompile" value="" />
    <property name="sun.java.launcher" value="SUN_STANDARD" />
    <property name="libs.junit.classpath" value="C:\Program Files\NetBeans 7.3\java\modules\ext\junit-3.8.2.jar" />
    <property name="libs.jaxb.javadoc" value="C:\Program Files\NetBeans 7.3\ide\docs\jaxb-api-doc.zip" />
    <property name="libs.struts.classpath" value="C:\Program Files\NetBeans 7.3\enterprise\modules\ext\struts\antlr-2.7.2.jar;C:\Program Files\NetBeans 7.3\enterprise\modules\ext\struts\bsf-2.3.0.jar;C:\Program Files\NetBeans 7.3\enterprise\modules\ext\struts\commons-beanutils-1.8.0.jar;C:\Program Files\NetBeans 7.3\enterprise\modules\ext\struts\commons-chain-1.2.jar;C:\Program Files\NetBeans 7.3\enterprise\modules\ext\struts\commons-digester-1.8.jar;C:\Program Files\NetBeans 7.3\enterprise\modules\ext\struts\commons-fileupload-1.1.1.jar;C:\Program Files\NetBeans 7.3\enterprise\modules\ext\struts\commons-io-1.1.jar;C:\Program Files\NetBeans 7.3\enterprise\modules\ext\struts\commons-logging-1.0.4.jar;C:\Program Files\NetBeans 7.3\enterprise\modules\ext\struts\commons-validator-1.3.1.jar;C:\Program Files\NetBeans 7.3\enterprise\modules\ext\struts\jstl-1.0.2.jar;C:\Program Files\NetBeans 7.3\enterprise\modules\ext\struts\oro-2.0.8.jar;C:\Program Files\NetBeans 7.3\enterprise\modules\ext\struts\standard-1.0.6.jar;C:\Program Files\NetBeans 7.3\enterprise\modules\ext\struts\struts-core-1.3.10.jar;C:\Program Files\NetBeans 7.3\enterprise\modules\ext\struts\struts-el-1.3.10.jar;C:\Program Files\NetBeans 7.3\enterprise\modules\ext\struts\struts-extras-1.3.10.jar;C:\Program Files\NetBeans 7.3\enterprise\modules\ext\struts\struts-faces-1.3.10.jar;C:\Program Files\NetBeans 7.3\enterprise\modules\ext\struts\struts-mailreader-dao-1.3.10.jar;C:\Program Files\NetBeans 7.3\enterprise\modules\ext\struts\struts-scripting-1.3.10.jar;C:\Program Files\NetBeans 7.3\enterprise\modules\ext\struts\struts-taglib-1.3.10.jar;C:\Program Files\NetBeans 7.3\enterprise\modules\ext\struts\struts-tiles-1.3.10.jar" />
    <property name="org.openide.awt.SwingBrowserImpl.do-not-block-awt" value="false" />
    <property name="ant.home" value="C:\Program Files\NetBeans 7.3\java\ant" />
    <property name="libs.junit_4.src" value="C:\Program Files\NetBeans 7.3\java\docs\junit-4.10-sources.jar" />
    <property name="libs.testng.classpath" value="C:\Program Files\NetBeans 7.3\platform\modules\ext\testng-6.5.1-dist.jar" />
    <property name="libs.absolutelayout.maven-pom" value="" />
    <property name="ant.java.version" value="1.7" />
    <property name="java.library.path" value="C:\Program Files\Java\jdk1.7.0_17\jre\bin;C:\Windows\Sun\Java\bin;C:\Windows\system32;C:\Windows;C:\Program Files (x86)\NVIDIA Corporation\PhysX\Common;C:\Program Files\Common Files\Microsoft Shared\Windows Live;C:\Program Files (x86)\Common Files\Microsoft Shared\Windows Live;C:\Windows\system32;C:\Windows;C:\Windows\System32\Wbem;C:\Windows\System32\WindowsPowerShell\v1.0\;C:\Program Files (x86)\Windows Live\Shared;C:\Program Files\Microsoft\Web Platform Installer\;C:\Program Files (x86)\Microsoft ASP.NET\ASP.NET Web Pages\v1.0\;C:\Program Files (x86)\Windows Kits\8.0\Windows Performance Toolkit\;C:\Program Files\Microsoft SQL Server\110\Tools\Binn\;C:\Program Files\Java\jdk1.7.0_17\bin;." />
    <property name="javadoc.author" value="false" />
    <property name="libs.metro.maven-pom" value="" />
    <property name="manifest.available+main.class-mkdist.available" value="true" />
    <property name="libs.EclipseLink-GlassFish-v3.src" value="" />
    <property name="java.util.logging.config.class" value="org.netbeans.core.startup.TopLogging" />
    <property name="libs.PostgreSQLDriver.src" value="" />
    <property name="sun.arch.data.model" value="64" />
    <property name="basedir" value="D:\Absolute_Java\Chapter8\Video Game" />
    <property name="libs.jpa20-persistence.maven-pom" value="" />
    <property name="jar.compress" value="false" />
    <property name="libs.jstl11.classpath" value="C:\Program Files\NetBeans 7.3\enterprise\modules\ext\standard.jar;C:\Program Files\NetBeans 7.3\enterprise\modules\ext\jstl.jar" />
    <property name="path.separator" value=";" />
    <property name="libs.javaee-web-api-6.0.javadoc" value="C:\Program Files\NetBeans 7.3\enterprise\docs\javaee6-doc-api.zip" />
    <property name="ant.junit.enabletestlistenerevents" value="true" />
    <property name="sun.io.unicode.encoding" value="UnicodeLittle" />
    <property name="libs.jaxws21.classpath" value="C:\Program Files\NetBeans 7.3\ide\modules\ext\jaxb\jaxb-impl.jar;C:\Program Files\NetBeans 7.3\ide\modules\ext\jaxb\jaxb-xjc.jar;C:\Program Files\NetBeans 7.3\java\modules\ext\jaxws22\FastInfoset.jar;C:\Program Files\NetBeans 7.3\java\modules\ext\jaxws22\gmbal-api-only.jar;C:\Program Files\NetBeans 7.3\java\modules\ext\jaxws22\ha-api.jar;C:\Program Files\NetBeans 7.3\java\modules\ext\jaxws22\javax.mail_1.4.jar;C:\Program Files\NetBeans 7.3\java\modules\ext\jaxws22\jaxws-rt.jar;C:\Program Files\NetBeans 7.3\java\modules\ext\jaxws22\jaxws-tools.jar;C:\Program Files\NetBeans 7.3\java\modules\ext\jaxws22\management-api.jar;C:\Program Files\NetBeans 7.3\java\modules\ext\jaxws22\mimepull.jar;C:\Program Files\NetBeans 7.3\java\modules\ext\jaxws22\policy.jar;C:\Program Files\NetBeans 7.3\java\modules\ext\jaxws22\saaj-impl.jar;C:\Program Files\NetBeans 7.3\java\modules\ext\jaxws22\stax-ex.jar;C:\Program Files\NetBeans 7.3\java\modules\ext\jaxws22\stax2-api.jar;C:\Program Files\NetBeans 7.3\java\modules\ext\jaxws22\streambuffer.jar;C:\Program Files\NetBeans 7.3\java\modules\ext\jaxws22\woodstox-core-asl.jar;C:\Program Files\NetBeans 7.3\java\modules\ext\jaxws22\api\jaxws-api.jar;C:\Program Files\NetBeans 7.3\java\modules\ext\jaxws22\api\jsr181-api.jar;C:\Program Files\NetBeans 7.3\java\modules\ext\jaxws22\api\javax.annotation.jar;C:\Program Files\NetBeans 7.3\java\modules\ext\jaxws22\api\saaj-api.jar;C:\Program Files\NetBeans 7.3\ide\modules\ext\jaxb\activation.jar;C:\Program Files\NetBeans 7.3\ide\modules\ext\jaxb\api\jaxb-api.jar;C:\Program Files\NetBeans 7.3\ide\modules\ext\jaxb\api\jsr173_1.0_api.jar" />
    <property name="libs.struts.src" value="" />
    <property name="compile.on.save" value="true" />
    <property name="apple.awt.graphics.UseQuartz" value="true" />
    <property name="user.language" value="en" />
    <property name="testng.mode" value="testng" />
    <property name="libs.JAXB-ENDORSED.maven-pom" value="" />
    <property name="libs.spring-framework.classpath" value="C:\Program Files\NetBeans 7.3\ide\modules\org-apache-commons-logging.jar;C:\Program Files\NetBeans 7.3\java\modules\ext\cglib-2.2.jar;C:\Program Files\NetBeans 7.3\java\modules\ext\spring\spring-2.5.6.SEC03.jar" />
    <property name="libs.eclipselink.maven-pom" value="" />
    <property name="test.binaryincludes" value="&lt;nothing&gt;" />
    <property name="manifest.available" value="true" />
    <property name="libs.primefaces.javadoc" value="" />
    <property name="libs.spring-framework300.maven-pom" value="" />
    <property name="run.test.classpath" value=":build/classes:C:\Program Files\NetBeans 7.3\platform\modules\ext\junit-4.10.jar:build/test/classes" />
    <property name="ant.project.invoked-targets" value="test" />
    <property name="test.binaryexcludes" value="" />
    <property name="libs.swing-layout.javadoc" value="C:\Program Files\NetBeans 7.3\platform\docs\swing-layout-1.0.4-doc.zip" />
    <property name="sun.java2d.dpiaware" value="true" />
    <property name="libs.ejb3-persistence.maven-pom" value="" />
    <property name="libs.PostgreSQLDriver.maven-pom" value="" />
    <property name="java.class.version" value="51.0" />
    <property name="libs.JAVADB_DRIVER_LABEL.classpath" value="C:\Program Files\glassfish-3.1.2.2\javadb\lib\derby.jar;C:\Program Files\glassfish-3.1.2.2\javadb\lib\derbyclient.jar;C:\Program Files\glassfish-3.1.2.2\javadb\lib\derbynet.jar" />
    <property name="ant.file.Video_Game" value="D:\Absolute_Java\Chapter8\Video Game\build.xml" />
    <property name="libs.javaee-endorsed-api-6.0.src" value="" />
    <property name="netbeans.system_http_proxy" value="DIRECT" />
    <property name="libs.eclipselink.javadoc" value="" />
    <property name="libs.jsp-compilation.maven-pom" value="" />
    <property name="user.properties.file" value="C:\Users\Kashif Ahmed Khan\AppData\Roaming\NetBeans\7.3\build.properties" />
    <property name="runtime.encoding" value="UTF-8" />
    <property name="libs.spring-framework.src" value="" />
    <property name="libs.javac-api.maven-pom" value="" />
    <property name="file.encoding.pkg" value="sun.io" />
    <property name="sun.cpu.endian" value="little" />
    <property name="libs.JAXB-ENDORSED.javadoc" value="" />
    <property name="libs.JWSAntTasks.classpath" value="C:\Program Files\NetBeans 7.3\java\ant\extra\org-netbeans-modules-javawebstart-anttasks.jar" />
    <property name="libs.spring-framework300.src" value="" />
    <property name="empty.dir" value="D:\Absolute_Java\Chapter8\Video Game\build\empty" />
    <property name="version-output" value="java version &quot;1.7" />
    <property name="test.binarytestincludes" value="" />
    <property name="javadoc.preview" value="true" />
    <property name="ant.file.type.Video_Game-impl" value="file" />
    <property name="libs.jpa20-persistence.javadoc" value="" />
    <property name="java.home" value="C:\Program Files\Java\jdk1.7.0_17\jre" />
    <property name="libs.jsp-compilation.src" value="" />
    <property name="libs.spring-webmvc.src" value="" />
    <property name="debug.test.classpath" value=":build/classes:C:\Program Files\NetBeans 7.3\platform\modules\ext\junit-4.10.jar:build/test/classes" />
    <property name="libs.javaee-endorsed-api-6.0.classpath" value="C:\Program Files\NetBeans 7.3\enterprise\modules\ext\javaee6-endorsed\javax.annotation.jar;C:\Program Files\NetBeans 7.3\enterprise\modules\ext\javaee6-endorsed\jaxb-api-osgi.jar;C:\Program Files\NetBeans 7.3\enterprise\modules\ext\javaee6-endorsed\webservices-api-osgi.jar" />
    <property name="libs.javaee-api-6.0.src" value="" />
    <property name="netbeans.importclass" value="org.netbeans.upgrade.AutoUpgrade" />
    <property name="ant.project.default-target" value="default" />
    <property name="annotation.processing.run.all.processors" value="true" />
    <property name="libs.PostgreSQLDriver.javadoc" value="" />
    <property name="libs.restlib.classpath" value="C:\Program Files\NetBeans 7.3\enterprise\modules\ext\rest\asm-3.1.jar;C:\Program Files\NetBeans 7.3\enterprise\modules\ext\rest\jackson-core-asl-1.9.2.jar;C:\Program Files\NetBeans 7.3\enterprise\modules\ext\rest\jackson-jaxrs-1.9.2.jar;C:\Program Files\NetBeans 7.3\enterprise\modules\ext\rest\jackson-mapper-asl-1.9.2.jar;C:\Program Files\NetBeans 7.3\enterprise\modules\ext\rest\jackson-xc-1.9.2.jar;C:\Program Files\NetBeans 7.3\enterprise\modules\ext\rest\jersey-apache-client-1.13.jar;C:\Program Files\NetBeans 7.3\enterprise\modules\ext\rest\jersey-atom-abdera-1.13.jar;C:\Program Files\NetBeans 7.3\enterprise\modules\ext\rest\jersey-client-1.13.jar;C:\Program Files\NetBeans 7.3\enterprise\modules\ext\rest\jersey-core-1.13.jar;C:\Program Files\NetBeans 7.3\enterprise\modules\ext\rest\jersey-guice-1.13.jar;C:\Program Files\NetBeans 7.3\enterprise\modules\ext\rest\jersey-json-1.13.jar;C:\Program Files\NetBeans 7.3\enterprise\modules\ext\rest\jersey-multipart-1.13.jar;C:\Program Files\NetBeans 7.3\enterprise\modules\ext\rest\jersey-server-1.13.jar;C:\Program Files\NetBeans 7.3\enterprise\modules\ext\rest\jersey-servlet-1.13.jar;C:\Program Files\NetBeans 7.3\enterprise\modules\ext\rest\jersey-simple-server-1.13.jar;C:\Program Files\NetBeans 7.3\enterprise\modules\ext\rest\jersey-spring-1.13.jar;C:\Program Files\NetBeans 7.3\enterprise\modules\ext\rest\jettison-1.1.jar;C:\Program Files\NetBeans 7.3\enterprise\modules\ext\rest\oauth-client-1.13.jar;C:\Program Files\NetBeans 7.3\enterprise\modules\ext\rest\oauth-server-1.13.jar;C:\Program Files\NetBeans 7.3\enterprise\modules\ext\rest\oauth-signature-1.13.jar;C:\Program Files\NetBeans 7.3\ide\modules\ext\jaxb\activation.jar;C:\Program Files\NetBeans 7.3\ide\modules\ext\jaxb\api\jaxb-api.jar;C:\Program Files\NetBeans 7.3\ide\modules\ext\jaxb\api\jsr173_1.0_api.jar" />
    <property name="libs.MySQLDriver.maven-pom" value="" />
    <property name="libs.junit_4.javadoc" value="C:\Program Files\NetBeans 7.3\java\docs\junit-4.10-javadoc.jar" />
    <property name="libs.spring-webmvc.javadoc" value="" />
    <property name="libs.EclipseLink-GlassFish-v3.maven-pom" value="" />
    <property name="libs.javaee-web-api-6.0.maven-pom" value="" />
    <property name="run.classpath" value=":build/classes" />
    <property name="libs.hibernate-support.src" value="" />
    <property name="jna.boot.library.name" value="jnidispatch-340" />
    <property name="libs.javaee-endorsed-api-6.0.javadoc" value="C:\Program Files\NetBeans 7.3\enterprise\docs\javaee6-doc-api.zip" />
    <property name="sun.awt.datatransfer.timeout" value="1000" />
    <property name="libs.spring-webmvc3.0.javadoc" value="" />
    <property name="annotation.processing.enabled.in.editor" value="false" />
    <property name="nb.native.filechooser" value="false" />
    <property name="libs.restapi.src" value="" />
    <property name="sun.management.compiler" value="HotSpot 64-Bit Tiered Compilers" />
    <property name="javac.deprecation" value="false" />
    <property name="javadoc.use" value="true" />
    <property name="sun.java2d.noddraw" value="true" />
    <property name="libs.jsp-compiler.classpath" value="C:\Program Files\NetBeans 7.3\enterprise\ant\extra\jspcompile.jar" />
    <property name="javac.processorpath" value="" />
    <property name="libs.spring-webmvc.classpath" value="C:\Program Files\NetBeans 7.3\enterprise\modules\ext\spring\spring-webmvc-2.5.6.SEC03.jar" />
    <property name="javac.compilerargs" value="" />
    <property name="ant.file" value="D:\Absolute_Java\Chapter8\Video Game\build.xml" />
    <property name="libs.beans-binding.maven-pom" value="" />
    <property name="libs.jsf12.classpath" value="C:\Program Files\NetBeans 7.3\enterprise\modules\ext\jsf-1_2\commons-beanutils.jar;C:\Program Files\NetBeans 7.3\enterprise\modules\ext\jsf-1_2\commons-collections.jar;C:\Program Files\NetBeans 7.3\enterprise\modules\ext\jsf-1_2\commons-digester.jar;C:\Program Files\NetBeans 7.3\enterprise\modules\ext\jsf-1_2\commons-logging.jar;C:\Program Files\NetBeans 7.3\enterprise\modules\ext\jsf-1_2\jsf-api.jar;C:\Program Files\NetBeans 7.3\enterprise\modules\ext\jsf-1_2\jsf-impl.jar" />
    <property name="libs.restapi.maven-pom" value="" />
    <property name="libs.beans-binding.src" value="" />
    <property name="java.vm.specification.vendor" value="Oracle Corporation" />
    <property name="libs.swing-layout.src" value="C:\Program Files\NetBeans 7.3\platform\docs\swing-layout-1.0.4-src.zip" />
    <property name="libs.Java-EE-GlassFish-v3.embedabbleejb" value="" />
    <property name="org.openide.major.version" value="IDE/1" />
    <property name="java.vm.name" value="Java HotSpot(TM) 64-Bit Server VM" />
    <property name="netbeans.user" value="C:\Users\Kashif Ahmed Khan\AppData\Roaming\NetBeans\7.3" />
    <property name="tests.failed" value="true" />
    <property name="javadoc.additionalparam" value="" />
    <property name="java.io.tmpdir" value="C:\Users\KASHIF~1\AppData\Local\Temp\" />
    <property name="java.vendor.url" value="http://java.oracle.com/" />
    <property name="endorsed.classpath.cmd.line.arg" value="-Xbootclasspath/p:&apos;D:\Absolute_Java\Chapter8\Video Game\${endorsed.classpath}&apos;" />
    <property name="junit.available" value="true" />
    <property name="libs.jsp-compiler.src" value="" />
    <property name="org.openide.awt.ActionReference.completion" value="org.netbeans.modules.apisupport.project.layers.PathCompletions" />
    <property name="sun.boot.library.path" value="C:\Program Files\Java\jdk1.7.0_17\jre\bin" />
    <property name="have.sources" value="true" />
    <property name="debug.classpath" value=":build/classes" />
    <property name="javadoc.private" value="false" />
    <property name="sun.awt.disableMixing" value="true" />
    <property name="test.src.dir" value="test" />
    <property name="libs.jsf20.classpath" value="C:\Program Files\NetBeans 7.3\enterprise\modules\ext\jsf-2_1\javax.faces.jar" />
    <property name="meta.inf.dir" value="src/META-INF" />
    <property name="javadoc.encoding.used" value="UTF-8" />
    <property name="dist.jar" value="dist/Video_Game.jar" />
    <property name="java.runtime.name" value="Java(TM) SE Runtime Environment" />
    <property name="ant.project.name" value="Video_Game" />
    <property name="netbeans.hash.code" value="unique=NB_GFMOD_JAVA_TOMCAT_WEBCOMMON_WEBEE07efe5dd9-61c4-4229-ad9e-d73b1c816daf_5538add1-94d5-43b5-86b8-e5308194aafd" />
    <property name="netbeans.default_userdir_root" value="C:\Users\Kashif Ahmed Khan\AppData\Roaming\NetBeans" />
    <property name="libs.jsp-compilation-syscp.maven-pom" value="" />
    <property name="manifest.available-mkdist.available" value="true" />
    <property name="sun.cpu.isalist" value="amd64" />
    <property name="libs.CopyLibs.javadoc" value="" />
    <property name="org.openide.specification.version" value="6.2" />
    <property name="libs.hibernate-support.classpath" value="C:\Program Files\NetBeans 7.3\java\modules\ext\hibernate\antlr-2.7.6.jar;C:\Program Files\NetBeans 7.3\java\modules\ext\hibernate\asm.jar;C:\Program Files\NetBeans 7.3\java\modules\ext\hibernate\asm-attrs.jar;C:\Program Files\NetBeans 7.3\java\modules\ext\hibernate\cglib-2.1.3.jar;C:\Program Files\NetBeans 7.3\java\modules\ext\hibernate\commons-collections-2.1.1.jar;C:\Program Files\NetBeans 7.3\ide\modules\org-apache-commons-logging.jar;C:\Program Files\NetBeans 7.3\java\modules\ext\hibernate\dom4j-1.6.1.jar;C:\Program Files\NetBeans 7.3\java\modules\ext\hibernate\ehcache-1.2.3.jar;C:\Program Files\NetBeans 7.3\java\modules\ext\hibernate\jdbc2_0-stdext.jar;C:\Program Files\NetBeans 7.3\java\modules\ext\hibernate\jta.jar;C:\Program Files\NetBeans 7.3\java\modules\ext\hibernate\hibernate3.jar;C:\Program Files\NetBeans 7.3\java\modules\ext\hibernate\hibernate-tools.jar;C:\Program Files\NetBeans 7.3\java\modules\ext\hibernate\hibernate-annotations.jar;C:\Program Files\NetBeans 7.3\java\modules\ext\hibernate\hibernate-commons-annotations.jar;C:\Program Files\NetBeans 7.3\java\modules\ext\hibernate\hibernate-entitymanager.jar;C:\Program Files\NetBeans 7.3\java\modules\ext\hibernate\javassist.jar" />
    <property name="user.home" value="C:\Users\Kashif Ahmed Khan" />
    <property name="annotation.processing.processors.list" value="" />
    <property name="libs.primefaces.maven-pom" value="" />
    <property name="debug-args-line" value="-Xdebug" />
    <property name="libs.javaee-api-6.0.maven-pom" value="" />
    <property name="libs.JWSAntTasks.src" value="" />
    <property name="jar.index" value="false" />
    <property name="libs.CopyLibs.maven-pom" value="" />
    <property name="libs.spring-framework300.javadoc" value="" />
    <property name="libs.hibernate-persistence.maven-pom" value="" />
    <property name="libs.absolutelayout.javadoc" value="" />
    <property name="java.specification.name" value="Java Platform API Specification" />
    <property name="do.archive+main.class.available" value="true" />
    <property name="java.specification.vendor" value="Oracle Corporation" />
    <property name="libs.javac-api.classpath" value="C:\Program Files\NetBeans 7.3\java\modules\ext\nb-javac-api.jar" />
    <property name="java.version" value="1.7.0_17" />
    <property name="run.jvmargs.ide" value="" />
    <property name="javadoc.version" value="false" />
    <property name="libs.MySQLDriver.javadoc" value="" />
    <property name="org.openide.version" value="deprecated" />
    <property name="source.encoding" value="UTF-8" />
    <property name="ap.cmd.line.internal" value="" />
    <property name="libs.eclipselinkmodelgen.maven-pom" value="" />
    <property name="libs.jsp-compilation-syscp.javadoc" value="" />
    <property name="libs.junit.maven-pom" value="" />
    <property name="libs.eclipselinkmodelgen.javadoc" value="" />
    <property name="libs.metro.javadoc" value="C:\Program Files\NetBeans 7.3\enterprise\docs\metro-1.4-doc.zip" />
    <property name="libs.struts.maven-pom" value="" />
    <property name="netbeans.home+have.tests" value="true" />
    <property name="annotation.processing.processor.options" value="" />
    <property name="libs.testng.maven-pom" value="" />
    <property name="libs.jaxb.src" value="" />
    <property name="libs.Java-EE-GlassFish-v3.wsgenerate" value="" />
    <property name="work.dir" value="D:\Absolute_Java\Chapter8\Video Game" />
    <property name="libs.jaxb.classpath" value="C:\Program Files\NetBeans 7.3\ide\modules\ext\jaxb\jaxb-impl.jar;C:\Program Files\NetBeans 7.3\ide\modules\ext\jaxb\jaxb-xjc.jar;C:\Program Files\NetBeans 7.3\ide\modules\ext\jaxb\jaxb1-impl.jar;C:\Program Files\NetBeans 7.3\ide\modules\ext\jaxb\activation.jar;C:\Program Files\NetBeans 7.3\ide\modules\ext\jaxb\api\jaxb-api.jar;C:\Program Files\NetBeans 7.3\ide\modules\ext\jaxb\api\jsr173_1.0_api.jar" />
    <property name="do.depend" value="false" />
    <property name="dist.javadoc.dir" value="dist/javadoc" />
    <property name="libs.swing-layout.classpath" value="C:\Program Files\NetBeans 7.3\platform\modules\ext\swing-layout-1.0.4.jar" />
    <property name="libs.spring-webmvc3.0.classpath" value="C:\Program Files\NetBeans 7.3\java\modules\ext\spring-3.0\spring-webmvc-3.1.1.RELEASE.jar" />
    <property name="libs.restlib.src" value="" />
    <property name="build.generated.dir" value="build/generated" />
    <property name="javac.source" value="1.5" />
    <property name="libs.hibernate-persistence.src" value="" />
    <property name="line.separator" value="&#xd;&#xa;" />
    <property name="java.specification.version" value="1.7" />
    <property name="libs.jaxws21.maven-pom" value="" />
    <property name="java.vm.info" value="mixed mode" />
    <property name="nb.junit.batch" value="true" />
    <property name="junit.forkmode" value="perTest" />
    <property name="libs.spring-framework.maven-pom" value="" />
    <property name="sun.boot.class.path" value="D:\Absolute_Java\Chapter8\Video Game\${endorsed.classpath};C:\Program Files\Java\jdk1.7.0_17\jre\lib\resources.jar;C:\Program Files\Java\jdk1.7.0_17\jre\lib\rt.jar;C:\Program Files\Java\jdk1.7.0_17\jre\lib\sunrsasign.jar;C:\Program Files\Java\jdk1.7.0_17\jre\lib\jsse.jar;C:\Program Files\Java\jdk1.7.0_17\jre\lib\jce.jar;C:\Program Files\Java\jdk1.7.0_17\jre\lib\charsets.jar;C:\Program Files\Java\jdk1.7.0_17\jre\lib\jfr.jar;C:\Program Files\Java\jdk1.7.0_17\jre\classes" />
    <property name="javac.target" value="1.5" />
    <property name="built-jar.properties" value="D:\Absolute_Java\Chapter8\Video Game\build\built-jar.properties" />
    <property name="build.test.classes.dir" value="build/test/classes" />
    <property name="src.dir" value="src" />
    <property name="sun.awt.keepWorkingSetOnMinimize" value="true" />
    <property name="annotation.processing.enabled" value="true" />
    <property name="libs.jsf20.src" value="" />
    <property name="libs.jpa20-persistence.src" value="" />
    <property name="libs.jsf12.src" value="" />
    <property name="libs.JAVADB_DRIVER_LABEL.maven-pom" value="" />
    <property name="libs.struts.javadoc" value="C:\Program Files\NetBeans 7.3\enterprise\docs\struts-1.3.10-javadoc.zip" />
    <property name="ignore.failing.tests" value="true" />
    <property name="libs.Comet-GlassFish-v3.classpath" value="C:\Program Files\glassfish-3.1.2.2\glassfish\modules\grizzly-comet.jar" />
    <property name="libs.primefaces.src" value="" />
    <property name="dist.dir" value="dist" />
    <property name="do.archive+manifest.available+main.class" value="true" />
    <property name="testng.debug.mode" value="" />
    <property name="javac.fork" value="false" />
    <property name="java.awt.printerjob" value="sun.awt.windows.WPrinterJob" />
    <property name="default.javac.source" value="1.7" />
    <property name="debug-transport-by-os" value="dt_shmem" />
    <property name="libs.MySQLDriver.src" value="" />
    <property name="sun.jnu.encoding" value="Cp1252" />
    <property name="build.test.results.dir" value="build/test/results" />
    <property name="java.runtime.version" value="1.7.0_17-b02" />
    <property name="libs.ejb3-persistence.javadoc" value="" />
    <property name="manifest.available+main.class+mkdist.available" value="true" />
    <property name="default.javac.target" value="1.7" />
    <property name="libs.Java-EE-GlassFish-v3.src" value="" />
    <property name="libs.junit_4.classpath" value="C:\Program Files\NetBeans 7.3\platform\modules\ext\junit-4.10.jar" />
    <property name="user.timezone" value="" />
    <property name="nb.junit.single" value="false" />
    <property name="libs.javaee-endorsed-api-6.0.maven-pom" value="" />
    <property name="libs.JAVADB_DRIVER_LABEL.javadoc" value="" />
    <property name="netbeans.dirs" value="C:\Program Files\NetBeans 7.3\nb;C:\Program Files\NetBeans 7.3\ergonomics;C:\Program Files\NetBeans 7.3\ide;C:\Program Files\NetBeans 7.3\java;C:\Program Files\NetBeans 7.3\apisupport;C:\Program Files\NetBeans 7.3\webcommon;C:\Program Files\NetBeans 7.3\websvccommon;C:\Program Files\NetBeans 7.3\enterprise;C:\Program Files\NetBeans 7.3\mobility;C:\Program Files\NetBeans 7.3\profiler;C:\Program Files\NetBeans 7.3\python;C:\Program Files\NetBeans 7.3\php;C:\Program Files\NetBeans 7.3\identity;C:\Program Files\NetBeans 7.3\harness;C:\Program Files\NetBeans 7.3\cnd;C:\Program Files\NetBeans 7.3\dlight;C:\Program Files\NetBeans 7.3\groovy;C:\Program Files\NetBeans 7.3\extra;C:\Program Files\NetBeans 7.3\javacard;C:\Program Files\NetBeans 7.3\javafx" />
    <property name="libs.jsf20.javadoc" value="C:\Program Files\NetBeans 7.3\enterprise\docs\javaee6-doc-api.zip" />
    <property name="java.ext.dirs" value="C:\Program Files\Java\jdk1.7.0_17\jre\lib\ext;C:\Windows\Sun\Java\lib\ext" />
    <property name="libs.metro.src" value="" />
    <property name="libs.absolutelayout.classpath" value="C:\Program Files\NetBeans 7.3\java\modules\ext\AbsoluteLayout.jar" />
    <property name="excludes" value="" />
    <property name="platforms.JDK_1.6.bootclasspath" value="C:\Program Files\Java\jdk1.6.0_43\jre\lib\resources.jar;C:\Program Files\Java\jdk1.6.0_43\jre\lib\rt.jar;C:\Program Files\Java\jdk1.6.0_43\jre\lib\sunrsasign.jar;C:\Program Files\Java\jdk1.6.0_43\jre\lib\jsse.jar;C:\Program Files\Java\jdk1.6.0_43\jre\lib\jce.jar;C:\Program Files\Java\jdk1.6.0_43\jre\lib\charsets.jar;C:\Program Files\Java\jdk1.6.0_43\jre\lib\modules\jdk.boot.jar;C:\Program Files\Java\jdk1.6.0_43\jre\classes;C:\Program Files\Java\jdk1.6.0_43\jre\lib\ext\dnsns.jar;C:\Program Files\Java\jdk1.6.0_43\jre\lib\ext\localedata.jar;C:\Program Files\Java\jdk1.6.0_43\jre\lib\ext\sunjce_provider.jar;C:\Program Files\Java\jdk1.6.0_43\jre\lib\ext\sunmscapi.jar" />
    <property name="libs.restlib.maven-pom" value="" />
    <property name="libs.metro.classpath" value="C:\Program Files\NetBeans 7.3\ide\modules\ext\jaxb\activation.jar;C:\Program Files\NetBeans 7.3\enterprise\modules\ext\metro\webservices-api.jar;C:\Program Files\NetBeans 7.3\enterprise\modules\ext\metro\webservices-extra-api.jar;C:\Program Files\NetBeans 7.3\enterprise\modules\ext\metro\webservices-extra.jar;C:\Program Files\NetBeans 7.3\enterprise\modules\ext\metro\webservices-rt.jar;C:\Program Files\NetBeans 7.3\enterprise\modules\ext\metro\webservices-tools.jar" />
    <property name="apple.laf.useScreenMenuBar" value="true" />
    <property name="java.class.path" value="D:\Absolute_Java\Chapter8\Video Game\build\classes;C:\Program Files\NetBeans 7.3\platform\modules\ext\junit-4.10.jar;D:\Absolute_Java\Chapter8\Video Game\build\test\classes;C:\Program Files\NetBeans 7.3\java\ant\lib\ant-launcher.jar;C:\Program Files\NetBeans 7.3\java\ant\lib\ant.jar;C:\Program Files\NetBeans 7.3\java\ant\lib\ant-junit.jar;C:\Program Files\NetBeans 7.3\java\ant\lib\ant-junit4.jar" />
    <property name="do.mkdist" value="true" />
    <property name="libs.absolutelayout.src" value="" />
    <property name="libs.jpa20-persistence.classpath" value="C:\Program Files\NetBeans 7.3\java\modules\ext\eclipselink\javax.persistence-2.0.3.jar" />
    <property name="os.version" value="6.1" />
    <property name="application.args" value="" />
    <property name="libs.EclipseLink-GlassFish-v3.javadoc" value="C:\Program Files\NetBeans 7.3\enterprise\docs\javaee6-doc-api.zip" />
    <property name="main.class.available" value="true" />
    <property name="sun.awt.enableExtraMouseButtons" value="true" />
    <property name="sun.desktop" value="windows" />
    <property name="libs.Comet-GlassFish-v3.src" value="" />
    <property name="libs.restlib.javadoc" value="C:\Program Files\NetBeans 7.3\enterprise\docs\jersey-1.13-javadoc.zip;C:\Program Files\NetBeans 7.3\enterprise\docs\jersey-apache-client-1.13-javadoc.zip;C:\Program Files\NetBeans 7.3\enterprise\docs\jersey-atom-abdera-1.13-javadoc.zip;C:\Program Files\NetBeans 7.3\enterprise\docs\jersey-guice-1.13-javadoc.zip;C:\Program Files\NetBeans 7.3\enterprise\docs\jersey-multipart-1.13-javadoc.zip;C:\Program Files\NetBeans 7.3\enterprise\docs\jersey-simple-server-1.13-javadoc.zip;C:\Program Files\NetBeans 7.3\enterprise\docs\jersey-spring-1.13-javadoc.zip;C:\Program Files\NetBeans 7.3\enterprise\docs\oauth-client-1.13-javadoc.zip;C:\Program Files\NetBeans 7.3\enterprise\docs\oauth-server-1.13-javadoc.zip;C:\Program Files\NetBeans 7.3\enterprise\docs\oauth-signature-1.13-javadoc.zip" />
    <property name="libs.JAXB-ENDORSED.classpath" value="C:\Program Files\NetBeans 7.3\ide\modules\ext\jaxb\api\jaxb-api.jar" />
    <property name="libs.eclipselink.classpath" value="C:\Program Files\NetBeans 7.3\java\modules\ext\eclipselink\eclipselink-2.3.2.jar;C:\Program Files\NetBeans 7.3\java\modules\ext\eclipselink\javax.persistence-2.0.3.jar;C:\Program Files\NetBeans 7.3\java\modules\ext\eclipselink\org.eclipse.persistence.jpa.jpql_1.0.1.jar" />
    <property name="libs.beans-binding.javadoc" value="C:\Program Files\NetBeans 7.3\java\docs\beansbinding-1.2.1-doc.zip" />
    <property name="java.awt.graphicsenv" value="sun.awt.Win32GraphicsEnvironment" />
    <property name="libs.Java-EE-GlassFish-v3.classpath" value="C:\Program Files\glassfish-3.1.2.2\glassfish\modules\javax.servlet.jsp.jstl.jar;C:\Program Files\glassfish-3.1.2.2\glassfish\modules\javax.ejb.jar;C:\Program Files\glassfish-3.1.2.2\glassfish\modules\javax.security.auth.message.jar;C:\Program Files\glassfish-3.1.2.2\glassfish\modules\javax.enterprise.deploy.jar;C:\Program Files\glassfish-3.1.2.2\glassfish\modules\bean-validator.jar;C:\Program Files\glassfish-3.1.2.2\glassfish\modules\javax.servlet.jsp-api.jar;C:\Program Files\glassfish-3.1.2.2\glassfish\modules\javax.jms.jar;C:\Program Files\glassfish-3.1.2.2\glassfish\modules\weld-osgi-bundle.jar;C:\Program Files\glassfish-3.1.2.2\glassfish\modules\jaxb-osgi.jar;C:\Program Files\glassfish-3.1.2.2\glassfish\modules\javax.transaction.jar;C:\Program Files\glassfish-3.1.2.2\glassfish\modules\javax.servlet.jsp.jstl-api.jar;C:\Program Files\glassfish-3.1.2.2\glassfish\modules\endorsed\javax.annotation.jar;C:\Program Files\glassfish-3.1.2.2\glassfish\modules\javax.el-api.jar;C:\Program Files\glassfish-3.1.2.2\glassfish\modules\javax.management.j2ee.jar;C:\Program Files\glassfish-3.1.2.2\glassfish\modules\javax.persistence.jar;C:\Program Files\glassfish-3.1.2.2\glassfish\modules\javax.resource.jar;C:\Program Files\glassfish-3.1.2.2\glassfish\modules\javax.mail.jar;C:\Program Files\glassfish-3.1.2.2\glassfish\modules\javax.servlet-api.jar;C:\Program Files\glassfish-3.1.2.2\mq\lib\jaxm-api.jar;C:\Program Files\glassfish-3.1.2.2\glassfish\modules\webservices-osgi.jar;C:\Program Files\glassfish-3.1.2.2\glassfish\modules\endorsed\webservices-api-osgi.jar;C:\Program Files\glassfish-3.1.2.2\glassfish\modules\javax.security.jacc.jar;C:\Program Files\glassfish-3.1.2.2\glassfish\modules\javax.faces.jar;C:\Program Files\glassfish-3.1.2.2\glassfish\modules\endorsed\jaxb-api-osgi.jar;C:\Program Files\glassfish-3.1.2.2\glassfish\modules\jersey-core.jar;C:\Program Files\glassfish-3.1.2.2\glassfish\modules\web-core.jar;C:\Program Files\glassfish-3.1.2.2\glassfish\modules\jackson-core-asl.jar;C:\Program Files\glassfish-3.1.2.2\glassfish\modules\jackson-jaxrs.jar;C:\Program Files\glassfish-3.1.2.2\glassfish\modules\jackson-mapper-asl.jar;C:\Program Files\glassfish-3.1.2.2\glassfish\modules\jersey-client.jar;C:\Program Files\glassfish-3.1.2.2\glassfish\modules\jersey-core.jar;C:\Program Files\glassfish-3.1.2.2\glassfish\modules\jersey-gf-server.jar;C:\Program Files\glassfish-3.1.2.2\glassfish\modules\jersey-json.jar;C:\Program Files\glassfish-3.1.2.2\glassfish\modules\jersey-multipart.jar;C:\Program Files\glassfish-3.1.2.2\glassfish\modules\jettison.jar;C:\Program Files\glassfish-3.1.2.2\glassfish\modules\mimepull.jar" />
    <property name="java.vm.vendor" value="Oracle Corporation" />
    <property name="libs.CopyLibs.classpath" value="C:\Program Files\NetBeans 7.3\java\ant\extra\org-netbeans-modules-java-j2seproject-copylibstask.jar" />
    <property name="ant.file.type.Video_Game" value="file" />
    <property name="libs.spring-framework300.classpath" value="C:\Program Files\NetBeans 7.3\ide\modules\org-apache-commons-logging.jar;C:\Program Files\NetBeans 7.3\java\modules\ext\cglib-2.2.jar;C:\Program Files\NetBeans 7.3\java\modules\ext\spring-3.0\spring-aop-3.1.1.RELEASE.jar;C:\Program Files\NetBeans 7.3\java\modules\ext\spring-3.0\spring-asm-3.1.1.RELEASE.jar;C:\Program Files\NetBeans 7.3\java\modules\ext\spring-3.0\spring-aspects-3.1.1.RELEASE.jar;C:\Program Files\NetBeans 7.3\java\modules\ext\spring-3.0\spring-beans-3.1.1.RELEASE.jar;C:\Program Files\NetBeans 7.3\java\modules\ext\spring-3.0\spring-context-3.1.1.RELEASE.jar;C:\Program Files\NetBeans 7.3\java\modules\ext\spring-3.0\spring-context-support-3.1.1.RELEASE.jar;C:\Program Files\NetBeans 7.3\java\modules\ext\spring-3.0\spring-core-3.1.1.RELEASE.jar;C:\Program Files\NetBeans 7.3\java\modules\ext\spring-3.0\spring-expression-3.1.1.RELEASE.jar;C:\Program Files\NetBeans 7.3\java\modules\ext\spring-3.0\spring-instrument-3.1.1.RELEASE.jar;C:\Program Files\NetBeans 7.3\java\modules\ext\spring-3.0\spring-instrument-tomcat-3.1.1.RELEASE.jar;C:\Program Files\NetBeans 7.3\java\modules\ext\spring-3.0\spring-jdbc-3.1.1.RELEASE.jar;C:\Program Files\NetBeans 7.3\java\modules\ext\spring-3.0\spring-jms-3.1.1.RELEASE.jar;C:\Program Files\NetBeans 7.3\java\modules\ext\spring-3.0\spring-orm-3.1.1.RELEASE.jar;C:\Program Files\NetBeans 7.3\java\modules\ext\spring-3.0\spring-oxm-3.1.1.RELEASE.jar;C:\Program Files\NetBeans 7.3\java\modules\ext\spring-3.0\spring-test-3.1.1.RELEASE.jar;C:\Program Files\NetBeans 7.3\java\modules\ext\spring-3.0\spring-tx-3.1.1.RELEASE.jar;C:\Program Files\NetBeans 7.3\java\modules\ext\spring-3.0\spring-web-3.1.1.RELEASE.jar;C:\Program Files\NetBeans 7.3\java\modules\ext\spring-3.0\spring-webmvc-portlet-3.1.1.RELEASE.jar;C:\Program Files\NetBeans 7.3\java\modules\ext\spring-3.0\spring-webmvc-3.1.1.RELEASE.jar;C:\Program Files\NetBeans 7.3\java\modules\ext\spring-3.0\spring-struts-3.1.1.RELEASE.jar" />
    <property name="libs.jsp-compiler.maven-pom" value="" />
    <property name="libs.spring-webmvc.maven-pom" value="" />
    <property name="libs.Java-EE-GlassFish-v3.wsinterop" value="" />
    <property name="run.jvmargs" value="" />
    <property name="libs.ejb3-persistence.classpath" value="C:\Program Files\NetBeans 7.3\java\modules\ext\hibernate\ejb3-persistence.jar" />
    <property name="libs.JAXB-ENDORSED.src" value="" />
    <property name="libs.spring-framework.javadoc" value="" />
    <property name="libs.testng.javadoc" value="C:\Program Files\NetBeans 7.3\platform\docs\testng-6.5.1-javadoc.zip" />
    <property name="user.script" value="" />
    <property name="libs.PostgreSQLDriver.classpath" value="C:\Program Files\NetBeans 7.3\ide\modules\ext\postgresql-9.1-901.jdbc4.jar" />
    <property name="libs.jsf12.maven-pom" value="" />
    <property name="libs.junit.src" value="" />
    <property name="annotation.processing.source.output" value="build/generated-sources/ap-source-output" />
    <property name="main.class" value="com.absolutejava.chapter8.project1.videogame.entities.AlienLauncher" />
    <property name="libs.CopyLibs.src" value="" />
    <property name="build.dir" value="build" />
    <property name="libs.jsp-compilation.classpath" value="C:\Program Files\NetBeans 7.3\java\ant\lib\ant.jar;C:\Program Files\NetBeans 7.3\enterprise\modules\ext\servlet3.0-jsp2.2-api.jar;C:\Program Files\NetBeans 7.3\enterprise\modules\ext\glassfish-jspparser-3.0.jar;C:\Program Files\NetBeans 7.3\enterprise\modules\ext\jsf-2_1\javax.faces.jar;C:\Program Files\NetBeans 7.3\enterprise\modules\ext\jstl.jar;C:\Program Files\NetBeans 7.3\java\ant\lib\ant-launcher.jar" />
    <property name="ant.version" value="Apache Ant(TM) version 1.8.4 compiled on May 22 2012" />
    <property name="build.classes.excludes" value="**/*.java,**/*.form" />
    <property name="file.encoding" value="Cp1252" />
    <property name="jdkBug6558476" value="false" />
    <property name="javadoc.nonavbar" value="false" />
    <property name="platform.active" value="default_platform" />
    <property name="awt.toolkit" value="sun.awt.windows.WToolkit" />
  </properties>
  <testcase classname="com.absolutejava.chapter8.project1.videogame.entities.OgreTest" name="canCreateOgreWithHealthAndName" time="0.016" />
  <testcase classname="com.absolutejava.chapter8.project1.videogame.entities.OgreTest" name="canCreateOgreObject" time="0.0" />
  <testcase classname="com.absolutejava.chapter8.project1.videogame.entities.OgreTest" name="canGetDamageDoneByOgre" time="0.0" />
  <system-out><![CDATA[]]></system-out>
  <system-err><![CDATA[]]></system-err>
</testsuite>
